[0mGET /posts [32m200 [0m67.550 ms - 8074[0m
[0mGET /js/home_post_comments.js [36m304 [0m3.226 ms - -[0m
[0mGET /css/home.css [32m200 [0m27.951 ms - -[0m
[0mGET /css/header.css [32m200 [0m21.613 ms - -[0m
[0mGET /css/chat_box.css [32m200 [0m25.446 ms - -[0m
[0mGET /css/footer.css [32m200 [0m23.675 ms - -[0m
[0mGET /css/posts.css [32m200 [0m34.814 ms - -[0m
[0mGET /js/home_posts.js [36m304 [0m6.391 ms - -[0m
[0mGET /js/chat_engine.js [36m304 [0m5.743 ms - -[0m
[0mGET /js/toggle_likes.js [36m304 [0m6.814 ms - -[0m
[0mGET /posts [36m304 [0m34.319 ms - -[0m
[0mGET /js/home_post_comments.js [36m304 [0m4.506 ms - -[0m
[0mGET /css/posts.css [32m200 [0m74.329 ms - 305[0m
[0mGET /css/home.css [32m200 [0m79.069 ms - 159[0m
[0mGET /js/home_posts.js [36m304 [0m5.668 ms - -[0m
[0mGET /css/chat_box.css [32m200 [0m80.566 ms - 1296[0m
[0mGET /js/toggle_likes.js [36m304 [0m8.832 ms - -[0m
[0mGET /css/header.css [32m200 [0m81.863 ms - 103[0m
[0mGET /css/footer.css [32m200 [0m80.169 ms - 104[0m
[0mGET /js/chat_engine.js [36m304 [0m2.806 ms - -[0m
[0mPOST /comments/create [36m302 [0m57.258 ms - 98[0m
[0mGET /posts [32m200 [0m58.144 ms - 9305[0m
[0mGET /js/home_post_comments.js [36m304 [0m1.236 ms - -[0m
[0mGET /css/home.css [36m304 [0m11.343 ms - -[0m
[0mGET /css/chat_box.css [36m304 [0m10.601 ms - -[0m
[0mGET /css/header.css [36m304 [0m11.388 ms - -[0m
[0mGET /css/posts.css [36m304 [0m16.003 ms - -[0m
[0mGET /css/footer.css [36m304 [0m12.909 ms - -[0m
[0mGET /js/home_posts.js [36m304 [0m6.488 ms - -[0m
[0mGET /js/toggle_likes.js [36m304 [0m5.894 ms - -[0m
[0mGET /js/chat_engine.js [36m304 [0m4.825 ms - -[0m
[0mPOST /likes/toggle/?id=63e1086eca3623342877b573&type=Comment [32m200 [0m17.570 ms - 58[0m
[0mGET /posts [32m200 [0m36.060 ms - 8896[0m
[0mGET /css/home.css [36m304 [0m10.704 ms - -[0m
[0mGET /js/home_post_comments.js [36m304 [0m1.315 ms - -[0m
[0mGET /css/posts.css [36m304 [0m8.829 ms - -[0m
[0mGET /js/home_posts.js [36m304 [0m4.140 ms - -[0m
[0mGET /css/footer.css [36m304 [0m8.580 ms - -[0m
[0mGET /css/header.css [36m304 [0m10.763 ms - -[0m
[0mGET /js/toggle_likes.js [36m304 [0m6.536 ms - -[0m
[0mGET /js/chat_engine.js [36m304 [0m2.696 ms - -[0m
[0mGET /css/chat_box.css [32m200 [0m18.864 ms - -[0m
[0mGET /posts [32m200 [0m30.441 ms - 8905[0m
[0mGET /js/home_post_comments.js [36m304 [0m2.403 ms - -[0m
[0mGET /css/posts.css [36m304 [0m13.563 ms - -[0m
[0mGET /css/header.css [36m304 [0m14.666 ms - -[0m
[0mGET /css/footer.css [36m304 [0m13.863 ms - -[0m
[0mGET /js/home_posts.js [36m304 [0m3.393 ms - -[0m
[0mGET /css/home.css [36m304 [0m21.514 ms - -[0m
[0mGET /css/chat_box.css [32m200 [0m22.151 ms - 1277[0m
[0mGET /js/toggle_likes.js [36m304 [0m3.459 ms - -[0m
[0mGET /js/chat_engine.js [36m304 [0m2.059 ms - -[0m
[0mGET /posts [32m200 [0m30.379 ms - 8914[0m
[0mGET /css/posts.css [36m304 [0m1.806 ms - -[0m
[0mGET /css/home.css [36m304 [0m3.774 ms - -[0m
[0mGET /js/home_post_comments.js [36m304 [0m2.526 ms - -[0m
[0mGET /js/home_posts.js [36m304 [0m2.357 ms - -[0m
[0mGET /js/toggle_likes.js [36m304 [0m1.873 ms - -[0m
[0mGET /css/footer.css [36m304 [0m5.719 ms - -[0m
[0mGET /css/header.css [36m304 [0m8.648 ms - -[0m
[0mGET /css/chat_box.css [36m304 [0m10.806 ms - -[0m
[0mGET /js/chat_engine.js [36m304 [0m1.057 ms - -[0m
[0mGET /posts [32m200 [0m29.777 ms - 8896[0m
[0mGET /css/home.css [36m304 [0m4.176 ms - -[0m
[0mGET /css/posts.css [36m304 [0m3.049 ms - -[0m
[0mGET /js/home_post_comments.js [36m304 [0m1.103 ms - -[0m
[0mGET /css/chat_box.css [36m304 [0m6.510 ms - -[0m
[0mGET /css/header.css [36m304 [0m5.303 ms - -[0m
[0mGET /css/footer.css [36m304 [0m4.518 ms - -[0m
[0mGET /js/home_posts.js [36m304 [0m1.733 ms - -[0m
[0mGET /js/toggle_likes.js [36m304 [0m1.292 ms - -[0m
[0mGET /js/chat_engine.js [36m304 [0m0.935 ms - -[0m
[0mGET /posts [36m304 [0m40.760 ms - -[0m
[0mGET /css/home.css [36m304 [0m1.896 ms - -[0m
[0mGET /css/posts.css [36m304 [0m5.733 ms - -[0m
[0mGET /js/home_post_comments.js [36m304 [0m2.080 ms - -[0m
[0mGET /js/home_posts.js [36m304 [0m2.444 ms - -[0m
[0mGET /js/toggle_likes.js [36m304 [0m2.803 ms - -[0m
[0mGET /css/header.css [36m304 [0m17.971 ms - -[0m
[0mGET /css/footer.css [36m304 [0m16.027 ms - -[0m
[0mGET /js/chat_engine.js [36m304 [0m3.894 ms - -[0m
[0mGET /css/chat_box.css [32m200 [0m22.846 ms - -[0m
[0mGET /posts [36m304 [0m27.785 ms - -[0m
[0mGET /css/home.css [36m304 [0m2.325 ms - -[0m
[0mGET /css/posts.css [36m304 [0m2.739 ms - -[0m
[0mGET /js/home_post_comments.js [36m304 [0m1.567 ms - -[0m
[0mGET /js/home_posts.js [36m304 [0m1.327 ms - -[0m
[0mGET /css/header.css [36m304 [0m9.309 ms - -[0m
[0mGET /js/toggle_likes.js [36m304 [0m5.149 ms - -[0m
[0mGET /css/footer.css [36m304 [0m9.344 ms - -[0m
[0mGET /css/chat_box.css [32m200 [0m14.770 ms - 1246[0m
[0mGET /js/chat_engine.js [36m304 [0m1.848 ms - -[0m
[0mGET /posts [36m304 [0m34.477 ms - -[0m
[0mGET /js/home_post_comments.js [36m304 [0m2.956 ms - -[0m
[0mGET /css/posts.css [36m304 [0m13.707 ms - -[0m
[0mGET /css/home.css [36m304 [0m16.860 ms - -[0m
[0mGET /css/footer.css [36m304 [0m9.581 ms - -[0m
[0mGET /css/header.css [36m304 [0m15.312 ms - -[0m
[0mGET /js/home_posts.js [36m304 [0m2.669 ms - -[0m
[0mGET /js/toggle_likes.js [36m304 [0m3.270 ms - -[0m
[0mGET /js/chat_engine.js [36m304 [0m3.222 ms - -[0m
[0mGET /css/chat_box.css [32m200 [0m15.741 ms - -[0m
[0mGET /posts [36m304 [0m30.835 ms - -[0m
[0mGET /css/home.css [36m304 [0m5.270 ms - -[0m
[0mGET /js/home_post_comments.js [36m304 [0m1.936 ms - -[0m
[0mGET /js/home_posts.js [36m304 [0m1.912 ms - -[0m
[0mGET /css/posts.css [36m304 [0m11.827 ms - -[0m
[0mGET /css/footer.css [36m304 [0m6.401 ms - -[0m
[0mGET /css/header.css [36m304 [0m8.507 ms - -[0m
[0mGET /js/toggle_likes.js [36m304 [0m3.273 ms - -[0m
[0mGET /js/chat_engine.js [36m304 [0m2.104 ms - -[0m
[0mGET /css/chat_box.css [32m200 [0m15.257 ms - -[0m
[0mGET /posts [36m304 [0m32.668 ms - -[0m
[0mGET /js/home_post_comments.js [36m304 [0m1.170 ms - -[0m
[0mGET /css/home.css [36m304 [0m11.439 ms - -[0m
[0mGET /css/posts.css [36m304 [0m10.140 ms - -[0m
[0mGET /js/home_posts.js [36m304 [0m10.266 ms - -[0m
[0mGET /css/header.css [36m304 [0m17.208 ms - -[0m
[0mGET /css/footer.css [36m304 [0m18.808 ms - -[0m
[0mGET /js/toggle_likes.js [36m304 [0m12.611 ms - -[0m
[0mGET /js/chat_engine.js [36m304 [0m0.945 ms - -[0m
[0mGET /css/chat_box.css [32m200 [0m25.306 ms - -[0m
[0mGET /posts [36m304 [0m38.394 ms - -[0m
[0mGET /css/home.css [36m304 [0m11.342 ms - -[0m
[0mGET /js/home_post_comments.js [36m304 [0m2.876 ms - -[0m
[0mGET /js/home_posts.js [36m304 [0m3.321 ms - -[0m
[0mGET /css/header.css [36m304 [0m16.683 ms - -[0m
[0mGET /css/footer.css [36m304 [0m14.791 ms - -[0m
[0mGET /js/toggle_likes.js [36m304 [0m4.092 ms - -[0m
[0mGET /css/chat_box.css [32m200 [0m22.703 ms - 1296[0m
[0mGET /js/chat_engine.js [36m304 [0m1.501 ms - -[0m
[0mGET /css/posts.css [32m200 [0m29.406 ms - -[0m
[0mGET /posts [36m304 [0m30.777 ms - -[0m
[0mGET /css/home.css [36m304 [0m6.055 ms - -[0m
[0mGET /js/home_post_comments.js [36m304 [0m4.090 ms - -[0m
[0mGET /css/footer.css [36m304 [0m7.937 ms - -[0m
[0mGET /css/chat_box.css [36m304 [0m11.709 ms - -[0m
[0mGET /css/header.css [36m304 [0m10.080 ms - -[0m
[0mGET /css/posts.css [32m200 [0m16.421 ms - -[0m
[0mGET /js/home_posts.js [36m304 [0m3.297 ms - -[0m
[0mGET /js/toggle_likes.js [36m304 [0m2.826 ms - -[0m
[0mGET /js/chat_engine.js [36m304 [0m2.244 ms - -[0m
[0mGET /posts [36m304 [0m28.345 ms - -[0m
[0mGET /js/home_post_comments.js [36m304 [0m1.467 ms - -[0m
[0mGET /css/home.css [36m304 [0m11.788 ms - -[0m
[0mGET /css/chat_box.css [36m304 [0m14.008 ms - -[0m
[0mGET /css/header.css [36m304 [0m12.121 ms - -[0m
[0mGET /css/footer.css [36m304 [0m10.887 ms - -[0m
[0mGET /css/posts.css [32m200 [0m18.790 ms - -[0m
[0mGET /js/home_posts.js [36m304 [0m4.067 ms - -[0m
[0mGET /js/toggle_likes.js [36m304 [0m1.854 ms - -[0m
[0mGET /js/chat_engine.js [36m304 [0m1.411 ms - -[0m
[0mGET /posts [36m304 [0m23.079 ms - -[0m
[0mGET /js/home_post_comments.js [36m304 [0m4.564 ms - -[0m
[0mGET /css/home.css [36m304 [0m12.198 ms - -[0m
[0mGET /css/footer.css [36m304 [0m8.990 ms - -[0m
[0mGET /css/posts.css [32m200 [0m13.820 ms - 305[0m
[0mGET /js/home_posts.js [36m304 [0m3.255 ms - -[0m
[0mGET /css/header.css [36m304 [0m10.310 ms - -[0m
[0mGET /css/chat_box.css [32m200 [0m13.533 ms - -[0m
[0mGET /js/toggle_likes.js [36m304 [0m1.330 ms - -[0m
[0mGET /js/chat_engine.js [36m304 [0m1.860 ms - -[0m
[0mGET /posts [36m304 [0m29.666 ms - -[0m
[0mGET /css/home.css [36m304 [0m4.021 ms - -[0m
[0mGET /css/posts.css [36m304 [0m3.167 ms - -[0m
[0mGET /js/home_post_comments.js [36m304 [0m2.960 ms - -[0m
[0mGET /js/home_posts.js [36m304 [0m4.666 ms - -[0m
[0mGET /js/toggle_likes.js [36m304 [0m4.695 ms - -[0m
[0mGET /css/header.css [36m304 [0m10.425 ms - -[0m
[0mGET /css/footer.css [36m304 [0m9.556 ms - -[0m
[0mGET /css/chat_box.css [32m200 [0m17.574 ms - -[0m
[0mGET /js/chat_engine.js [36m304 [0m1.114 ms - -[0m
[0mGET /posts [36m304 [0m30.894 ms - -[0m
[0mGET /css/home.css [36m304 [0m2.597 ms - -[0m
[0mGET /css/posts.css [36m304 [0m7.583 ms - -[0m
[0mGET /js/home_post_comments.js [36m304 [0m4.914 ms - -[0m
[0mGET /js/home_posts.js [36m304 [0m3.442 ms - -[0m
[0mGET /js/toggle_likes.js [36m304 [0m1.767 ms - -[0m
[0mGET /css/header.css [36m304 [0m11.583 ms - -[0m
[0mGET /css/footer.css [36m304 [0m11.188 ms - -[0m
[0mGET /js/chat_engine.js [36m304 [0m3.008 ms - -[0m
[0mGET /css/chat_box.css [32m200 [0m24.972 ms - -[0m
[0mGET /posts [36m304 [0m31.842 ms - -[0m
[0mGET /js/home_post_comments.js [36m304 [0m0.947 ms - -[0m
[0mGET /css/posts.css [36m304 [0m8.715 ms - -[0m
[0mGET /css/home.css [36m304 [0m13.103 ms - -[0m
[0mGET /css/header.css [36m304 [0m8.416 ms - -[0m
[0mGET /css/footer.css [36m304 [0m8.192 ms - -[0m
[0mGET /js/home_posts.js [36m304 [0m5.296 ms - -[0m
[0mGET /js/toggle_likes.js [36m304 [0m1.133 ms - -[0m
[0mGET /css/chat_box.css [32m200 [0m16.786 ms - -[0m
[0mGET /js/chat_engine.js [36m304 [0m1.409 ms - -[0m
[0mGET /posts [36m304 [0m28.512 ms - -[0m
[0mGET /css/home.css [36m304 [0m4.469 ms - -[0m
[0mGET /css/posts.css [36m304 [0m9.853 ms - -[0m
[0mGET /js/home_post_comments.js [36m304 [0m3.471 ms - -[0m
[0mGET /js/home_posts.js [36m304 [0m2.499 ms - -[0m
[0mGET /js/toggle_likes.js [36m304 [0m2.491 ms - -[0m
[0mGET /css/header.css [36m304 [0m10.746 ms - -[0m
[0mGET /css/footer.css [36m304 [0m8.111 ms - -[0m
[0mGET /css/chat_box.css [32m200 [0m20.724 ms - -[0m
[0mGET /js/chat_engine.js [36m304 [0m0.809 ms - -[0m
[0mGET /posts [36m304 [0m30.849 ms - -[0m
[0mGET /js/home_post_comments.js [36m304 [0m0.786 ms - -[0m
[0mGET /css/home.css [36m304 [0m11.115 ms - -[0m
[0mGET /css/posts.css [36m304 [0m10.390 ms - -[0m
[0mGET /css/footer.css [36m304 [0m4.815 ms - -[0m
[0mGET /css/header.css [36m304 [0m6.333 ms - -[0m
[0mGET /js/home_posts.js [36m304 [0m2.928 ms - -[0m
[0mGET /js/toggle_likes.js [36m304 [0m1.944 ms - -[0m
[0mGET /js/chat_engine.js [36m304 [0m1.556 ms - -[0m
[0mGET /css/chat_box.css [32m200 [0m18.059 ms - -[0m
[0mGET /posts [36m304 [0m28.567 ms - -[0m
[0mGET /css/home.css [36m304 [0m1.704 ms - -[0m
[0mGET /css/posts.css [36m304 [0m4.478 ms - -[0m
[0mGET /js/home_post_comments.js [36m304 [0m2.640 ms - -[0m
[0mGET /js/home_posts.js [36m304 [0m2.149 ms - -[0m
[0mGET /css/footer.css [36m304 [0m9.344 ms - -[0m
[0mGET /css/header.css [36m304 [0m11.445 ms - -[0m
[0mGET /js/toggle_likes.js [36m304 [0m1.954 ms - -[0m
[0mGET /js/chat_engine.js [36m304 [0m0.876 ms - -[0m
[0mGET /css/chat_box.css [32m200 [0m17.634 ms - -[0m
[0mGET /posts [36m304 [0m32.747 ms - -[0m
[0mGET /css/home.css [36m304 [0m13.921 ms - -[0m
[0mGET /js/home_post_comments.js [36m304 [0m2.228 ms - -[0m
[0mGET /css/posts.css [36m304 [0m13.849 ms - -[0m
[0mGET /css/header.css [36m304 [0m13.349 ms - -[0m
[0mGET /css/footer.css [36m304 [0m9.510 ms - -[0m
[0mGET /js/home_posts.js [36m304 [0m3.685 ms - -[0m
[0mGET /js/toggle_likes.js [36m304 [0m2.049 ms - -[0m
[0mGET /js/chat_engine.js [36m304 [0m1.677 ms - -[0m
[0mGET /css/chat_box.css [32m200 [0m23.554 ms - -[0m
[0mGET /posts [36m302 [0m13.972 ms - 60[0m
[0mGET /sign-in [31m500 [0m28.424 ms - 2483[0m
[0mGET /sign-in [32m200 [0m34.676 ms - 2953[0m
[0mGET /css/home.css [32m200 [0m43.534 ms - -[0m
[0mGET /css/profile.css [32m200 [0m33.869 ms - -[0m
[0mGET /css/header.css [32m200 [0m31.912 ms - -[0m
[0mGET /css/footer.css [32m200 [0m34.298 ms - -[0m
[0mGET /sign-in [36m304 [0m10.995 ms - -[0m
[0mGET /css/home.css [32m200 [0m4.716 ms - 159[0m
[0mGET /css/header.css [32m200 [0m5.088 ms - 103[0m
[0mGET /css/profile.css [32m200 [0m7.062 ms - 74[0m
[0mGET /css/footer.css [32m200 [0m4.876 ms - 104[0m
[0mGET /sign-in [36m304 [0m6.834 ms - -[0m
[0mGET /css/home.css [36m304 [0m4.145 ms - -[0m
[0mGET /css/profile.css [36m304 [0m2.329 ms - -[0m
[0mGET /css/header.css [36m304 [0m4.016 ms - -[0m
[0mGET /css/footer.css [36m304 [0m4.585 ms - -[0m
[0mGET /sign-in [36m304 [0m7.301 ms - -[0m
[0mGET /css/home.css [36m304 [0m1.954 ms - -[0m
[0mGET /css/profile.css [36m304 [0m4.848 ms - -[0m
[0mGET /css/header.css [36m304 [0m5.097 ms - -[0m
[0mGET /css/footer.css [36m304 [0m5.975 ms - -[0m
::1 - - [06/Feb/2023:18:19:55 +0000] "GET /css/profile.css HTTP/1.1" 304 - "http://localhost:8000/sign-in" "Mozilla/5.0 (Windows NT 10.0; Win64; x64) AppleWebKit/537.36 (KHTML, like Gecko) Chrome/109.0.0.0 Safari/537.36"
::1 - - [06/Feb/2023:18:19:55 +0000] "GET /css/home.css HTTP/1.1" 304 - "http://localhost:8000/sign-in" "Mozilla/5.0 (Windows NT 10.0; Win64; x64) AppleWebKit/537.36 (KHTML, like Gecko) Chrome/109.0.0.0 Safari/537.36"
::1 - - [06/Feb/2023:18:19:55 +0000] "GET /css/header.css HTTP/1.1" 304 - "http://localhost:8000/sign-in" "Mozilla/5.0 (Windows NT 10.0; Win64; x64) AppleWebKit/537.36 (KHTML, like Gecko) Chrome/109.0.0.0 Safari/537.36"
::1 - - [06/Feb/2023:18:19:55 +0000] "GET /css/footer.css HTTP/1.1" 304 - "http://localhost:8000/sign-in" "Mozilla/5.0 (Windows NT 10.0; Win64; x64) AppleWebKit/537.36 (KHTML, like Gecko) Chrome/109.0.0.0 Safari/537.36"
::1 - - [06/Feb/2023:18:19:56 +0000] "GET /sign-in HTTP/1.1" 200 2965 "http://localhost:8000/sign-in" "Mozilla/5.0 (Windows NT 10.0; Win64; x64) AppleWebKit/537.36 (KHTML, like Gecko) Chrome/109.0.0.0 Safari/537.36"
::1 - - [06/Feb/2023:18:19:56 +0000] "GET /css/home-f44c520afa.css HTTP/1.1" 404 162 "http://localhost:8000/sign-in" "Mozilla/5.0 (Windows NT 10.0; Win64; x64) AppleWebKit/537.36 (KHTML, like Gecko) Chrome/109.0.0.0 Safari/537.36"
::1 - - [06/Feb/2023:18:19:56 +0000] "GET /css/profile.css HTTP/1.1" 304 - "http://localhost:8000/sign-in" "Mozilla/5.0 (Windows NT 10.0; Win64; x64) AppleWebKit/537.36 (KHTML, like Gecko) Chrome/109.0.0.0 Safari/537.36"
::1 - - [06/Feb/2023:18:19:56 +0000] "GET /css/header.css HTTP/1.1" 304 - "http://localhost:8000/sign-in" "Mozilla/5.0 (Windows NT 10.0; Win64; x64) AppleWebKit/537.36 (KHTML, like Gecko) Chrome/109.0.0.0 Safari/537.36"
::1 - - [06/Feb/2023:18:19:56 +0000] "GET /css/footer.css HTTP/1.1" 304 - "http://localhost:8000/sign-in" "Mozilla/5.0 (Windows NT 10.0; Win64; x64) AppleWebKit/537.36 (KHTML, like Gecko) Chrome/109.0.0.0 Safari/537.36"
[0mGET /sign-in [32m200 [0m21.444 ms - 2953[0m
[0mGET /css/home.css [32m200 [0m42.173 ms - -[0m
[0mGET /css/header.css [32m200 [0m36.820 ms - -[0m
[0mGET /css/profile.css [32m200 [0m41.852 ms - -[0m
[0mGET /css/footer.css [32m200 [0m31.367 ms - -[0m
[0mGET /sign-in [36m304 [0m14.048 ms - -[0m
[0mGET /css/home.css [32m200 [0m4.565 ms - 159[0m
[0mGET /css/profile.css [32m200 [0m2.659 ms - 74[0m
[0mGET /css/footer.css [32m200 [0m5.754 ms - 104[0m
[0mGET /css/header.css [32m200 [0m8.396 ms - 103[0m
[0mGET /sign-in [36m304 [0m4.530 ms - -[0m
[0mGET /css/home.css [36m304 [0m1.868 ms - -[0m
[0mGET /css/profile.css [36m304 [0m6.592 ms - -[0m
[0mGET /css/header.css [36m304 [0m5.452 ms - -[0m
[0mGET /css/footer.css [36m304 [0m6.356 ms - -[0m
[0mGET /sign-in [36m304 [0m8.452 ms - -[0m
[0mGET /css/home.css [36m304 [0m9.936 ms - -[0m
[0mGET /css/header.css [36m304 [0m8.237 ms - -[0m
[0mGET /css/profile.css [36m304 [0m11.080 ms - -[0m
[0mGET /css/footer.css [36m304 [0m8.279 ms - -[0m
[0mGET /sign-up [32m200 [0m10.404 ms - 3095[0m
[0mGET /css/home.css [36m304 [0m2.397 ms - -[0m
[0mGET /css/profile.css [36m304 [0m5.395 ms - -[0m
[0mGET /css/footer.css [36m304 [0m3.241 ms - -[0m
[0mGET /css/header.css [36m304 [0m5.579 ms - -[0m
[0mGET /sign-in [36m304 [0m9.873 ms - -[0m
[0mGET /css/home.css [36m304 [0m6.458 ms - -[0m
[0mGET /css/profile.css [36m304 [0m5.609 ms - -[0m
[0mGET /css/header.css [36m304 [0m4.323 ms - -[0m
[0mGET /css/footer.css [36m304 [0m3.409 ms - -[0m
[0mPOST /create-session [36m302 [0m39.843 ms - 60[0m
[0mGET /sign-in [32m200 [0m5.946 ms - 3367[0m
[0mGET /css/home.css [36m304 [0m2.579 ms - -[0m
[0mGET /css/profile.css [36m304 [0m4.024 ms - -[0m
[0mGET /css/header.css [36m304 [0m3.311 ms - -[0m
[0mGET /css/footer.css [36m304 [0m2.308 ms - -[0m
